<?xml version="1.0" encoding="UTF-8"?>
<!-- Generated by org.testng.reporters.JUnitReportReporter -->
<testsuite skipped="0" hostname="Shubham" name="pra_package.PRA_Home" tests="8" failures="0" timestamp="27 Jan 2021 07:48:37 GMT" time="701.511" errors="0">
  <testcase name="title_verification" time="9.058" classname="pra_package.PRA_Home"/>
  <testcase name="login_Test" time="30.512" classname="pra_package.PRA_Home"/>
  <testcase name="pathway_creation" time="120.773" classname="pra_package.PRA_Home"/>
  <testcase name="By_pathway_risk_assessments" time="135.166" classname="pra_package.PRA_Home"/>
  <testcase name="By_pathway_risk_assessments_actions" time="146.083" classname="pra_package.PRA_Home"/>
  <testcase name="By_pathway_pestrisk" time="87.560" classname="pra_package.PRA_Home"/>
  <testcase name="By_pathway_summaryscreen" time="68.454" classname="pra_package.PRA_Home"/>
  <testcase name="By_pathway_report_generation" time="103.905" classname="pra_package.PRA_Home"/>
</testsuite> <!-- pra_package.PRA_Home -->
