<?xml version="1.0" encoding="UTF-8"?>
<!-- Generated by org.testng.reporters.JUnitReportReporter -->
<testsuite skipped="0" hostname="Shubham" name="pra_package.PRA_Home" tests="8" failures="0" timestamp="2020-12-16T08:58:55 IST" time="635.948" errors="0">
  <testcase name="title_verification" time="9.023" classname="pra_package.PRA_Home"/>
  <system-out/>
  <testcase name="login_Test" time="27.036" classname="pra_package.PRA_Home"/>
  <system-out/>
  <testcase name="pathway_creation" time="112.713" classname="pra_package.PRA_Home"/>
  <system-out/>
  <testcase name="risk_assessments" time="114.922" classname="pra_package.PRA_Home"/>
  <system-out/>
  <testcase name="actions" time="143.800" classname="pra_package.PRA_Home"/>
  <system-out/>
  <testcase name="pestrisk" time="97.478" classname="pra_package.PRA_Home"/>
  <system-out/>
  <testcase name="summaryscreen" time="52.516" classname="pra_package.PRA_Home"/>
  <system-out/>
  <testcase name="report_generation" time="78.460" classname="pra_package.PRA_Home"/>
  <system-out/>
</testsuite> <!-- pra_package.PRA_Home -->
