<?xml version="1.0" encoding="UTF-8"?>
<!-- Generated by org.testng.reporters.JUnitReportReporter -->
<testsuite hostname="DESKTOP-K8HJ363" failures="0" tests="3" name="pra_package.My_cabi_account" time="85.198" errors="0" timestamp="2020-12-02T11:45:21 IST" skipped="0">
  <testcase classname="pra_package.My_cabi_account" name="account_creation" time="40.138"/>
  <system-out/>
  <testcase classname="pra_package.My_cabi_account" name="login_with_created_account" time="18.912"/>
  <system-out/>
  <testcase classname="pra_package.My_cabi_account" name="mycabi_tab" time="26.148"/>
  <system-out/>
</testsuite> <!-- pra_package.My_cabi_account -->
