<?xml version="1.0" encoding="UTF-8"?>
<!-- Generated by org.testng.reporters.JUnitReportReporter -->
<testsuite skipped="0" hostname="Shubham" name="pra_package.PRA_Home" tests="8" failures="0" timestamp="2020-12-10T18:11:13 IST" time="640.113" errors="0">
  <testcase name="title_verification" time="9.024" classname="pra_package.PRA_Home"/>
  <system-out/>
  <testcase name="login_Test" time="28.179" classname="pra_package.PRA_Home"/>
  <system-out/>
  <testcase name="pathway_creation" time="111.033" classname="pra_package.PRA_Home"/>
  <system-out/>
  <testcase name="risk_assessments" time="112.345" classname="pra_package.PRA_Home"/>
  <system-out/>
  <testcase name="actions" time="148.321" classname="pra_package.PRA_Home"/>
  <system-out/>
  <testcase name="pestrisk" time="103.875" classname="pra_package.PRA_Home"/>
  <system-out/>
  <testcase name="summaryscreen" time="54.257" classname="pra_package.PRA_Home"/>
  <system-out/>
  <testcase name="report_generation" time="73.079" classname="pra_package.PRA_Home"/>
  <system-out/>
</testsuite> <!-- pra_package.PRA_Home -->
