<?xml version="1.0" encoding="UTF-8"?>
<!-- Generated by org.testng.reporters.JUnitReportReporter -->
<testsuite skipped="0" hostname="elara" name="pra_package.PRA_Home" tests="8" failures="0" timestamp="22 Jan 2021 11:09:32 GMT" time="667.753" errors="0">
  <testcase name="title_verification" time="9.062" classname="pra_package.PRA_Home"/>
  <testcase name="login_Test" time="30.669" classname="pra_package.PRA_Home"/>
  <testcase name="pathway_creation" time="109.462" classname="pra_package.PRA_Home"/>
  <testcase name="By_pathway_risk_assessments" time="127.906" classname="pra_package.PRA_Home"/>
  <testcase name="By_pathway_risk_assessments_actions" time="150.569" classname="pra_package.PRA_Home"/>
  <testcase name="By_pathway_pestrisk" time="87.183" classname="pra_package.PRA_Home"/>
  <testcase name="By_pathway_summaryscreen" time="51.236" classname="pra_package.PRA_Home"/>
  <testcase name="By_pathway_report_generation" time="101.666" classname="pra_package.PRA_Home"/>
</testsuite> <!-- pra_package.PRA_Home -->
