<?xml version="1.0" encoding="UTF-8"?>
<!-- Generated by org.testng.reporters.JUnitReportReporter -->
<testsuite skipped="0" hostname="Shubham" name="pra_package.PRA_Home" tests="9" failures="0" timestamp="2020-12-17T17:36:57 IST" time="657.184" errors="0">
  <testcase name="title_verification" time="9.024" classname="pra_package.PRA_Home"/>
  <system-out/>
  <testcase name="login_Test" time="24.854" classname="pra_package.PRA_Home"/>
  <system-out/>
  <testcase name="gmail_verification" time="4.925" classname="pra_package.PRA_Home"/>
  <system-out/>
  <testcase name="pathway_creation" time="109.034" classname="pra_package.PRA_Home"/>
  <system-out/>
  <testcase name="risk_assessments" time="113.362" classname="pra_package.PRA_Home"/>
  <system-out/>
  <testcase name="actions" time="142.380" classname="pra_package.PRA_Home"/>
  <system-out/>
  <testcase name="pestrisk" time="98.616" classname="pra_package.PRA_Home"/>
  <system-out/>
  <testcase name="summaryscreen" time="52.867" classname="pra_package.PRA_Home"/>
  <system-out/>
  <testcase name="report_generation" time="102.122" classname="pra_package.PRA_Home"/>
  <system-out/>
</testsuite> <!-- pra_package.PRA_Home -->
