<?xml version="1.0" encoding="UTF-8"?>
<!-- Generated by org.testng.reporters.JUnitReportReporter -->
<testsuite hostname="DESKTOP-K8HJ363" failures="0" tests="10" name="pra_package.PRA_Home" time="1045.541" errors="0" timestamp="18 Feb 2021 12:25:12 GMT" skipped="0">
  <testcase classname="pra_package.PRA_Home" name="title_verification" time="9.044"/>
  <testcase classname="pra_package.PRA_Home" name="login_Test" time="31.818"/>
  <testcase classname="pra_package.PRA_Home" name="By_pest_initiation" time="109.808"/>
  <testcase classname="pra_package.PRA_Home" name="By_pest_cattegorization_tab" time="122.184"/>
  <testcase classname="pra_package.PRA_Home" name="By_pest_Probabity_of_entry" time="290.810"/>
  <testcase classname="pra_package.PRA_Home" name="Bypest_riskassessment" time="310.923"/>
  <testcase classname="pra_package.PRA_Home" name="Bypest_risk_management" time="28.272"/>
  <testcase classname="pra_package.PRA_Home" name="Bypest_PRA_summary_screen" time="75.027"/>
  <testcase classname="pra_package.PRA_Home" name="Bypest_download_PRA_report" time="53.708"/>
  <testcase classname="pra_package.PRA_Home" name="By_pest_delete_PRA" time="13.947"/>
</testsuite> <!-- pra_package.PRA_Home -->
