<?xml version="1.0" encoding="UTF-8"?>
<!-- Generated by org.testng.reporters.JUnitReportReporter -->
<testsuite hostname="DESKTOP-K8HJ363" failures="0" tests="2" name="pra_package.PRA_Home" time="37.302" errors="0" timestamp="2020-11-19T15:19:41 IST" skipped="0">
  <testcase classname="pra_package.PRA_Home" name="title_verification" time="9.031"/>
  <system-out/>
  <testcase classname="pra_package.PRA_Home" name="login_Test" time="28.271"/>
  <system-out/>
</testsuite> <!-- pra_package.PRA_Home -->
