<?xml version="1.0" encoding="UTF-8"?>
<!-- Generated by org.testng.reporters.JUnitReportReporter -->
<testsuite hostname="DESKTOP-K8HJ363" failures="0" tests="5" name="pra_package.PRA_Home" time="237.729" errors="0" timestamp="2020-12-07T15:27:23 IST" skipped="0">
  <testcase classname="pra_package.PRA_Home" name="title_verification" time="9.031"/>
  <system-out/>
  <testcase classname="pra_package.PRA_Home" name="login_Test" time="30.594"/>
  <system-out/>
  <testcase classname="pra_package.PRA_Home" name="By_pest_initiation" time="98.526"/>
  <system-out/>
  <testcase classname="pra_package.PRA_Home" name="By_pest_cattegorization_tab" time="88.432"/>
  <system-out/>
  <testcase classname="pra_package.PRA_Home" name="By_pest_delete_PRA" time="11.146"/>
  <system-out/>
</testsuite> <!-- pra_package.PRA_Home -->
