<?xml version="1.0" encoding="UTF-8"?>
<!-- Generated by org.testng.reporters.JUnitReportReporter -->
<testsuite hostname="DESKTOP-K8HJ363" failures="0" tests="3" name="pra_package.My_cabi_account" time="85.002" errors="0" timestamp="15 Feb 2021 10:11:50 GMT" skipped="0">
  <testcase classname="pra_package.My_cabi_account" name="account_creation" time="41.876"/>
  <testcase classname="pra_package.My_cabi_account" name="login_with_created_account" time="18.831"/>
  <testcase classname="pra_package.My_cabi_account" name="mycabi_tab" time="24.295"/>
</testsuite> <!-- pra_package.My_cabi_account -->
