<?xml version="1.0" encoding="UTF-8"?>
<!-- Generated by org.testng.reporters.JUnitReportReporter -->
<testsuite hostname="DESKTOP-K8HJ363" failures="0" tests="3" name="pra_package.PRA_Home" time="713.562" errors="0" timestamp="2020-11-24T10:32:48 IST" skipped="0">
  <testcase classname="pra_package.PRA_Home" name="title_verification" time="9.050"/>
  <system-out/>
  <testcase classname="pra_package.PRA_Home" name="login_Test" time="33.340"/>
  <system-out/>
  <testcase classname="pra_package.PRA_Home" name="Banner_footer" time="671.172"/>
  <system-out/>
</testsuite> <!-- pra_package.PRA_Home -->
