<?xml version="1.0" encoding="UTF-8"?>
<!-- Generated by org.testng.reporters.JUnitReportReporter -->
<testsuite hostname="DESKTOP-K8HJ363" failures="0" tests="4" name="pra_package.PRA_Home" time="244.535" errors="0" timestamp="2020-12-17T18:08:47 IST" skipped="0">
  <testcase classname="pra_package.PRA_Home" name="title_verification" time="9.026"/>
  <system-out/>
  <testcase classname="pra_package.PRA_Home" name="login_Test" time="31.967"/>
  <system-out/>
  <testcase classname="pra_package.PRA_Home" name="By_pest_initiation" time="115.174"/>
  <system-out/>
  <testcase classname="pra_package.PRA_Home" name="By_pest_cattegorization_tab" time="88.368"/>
  <system-out/>
</testsuite> <!-- pra_package.PRA_Home -->
