<?xml version="1.0" encoding="UTF-8"?>
<!-- Generated by org.testng.reporters.JUnitReportReporter -->
<testsuite hostname="DESKTOP-K8HJ363" failures="0" tests="3" name="pra_package.PRA_Home" time="129.611" errors="0" timestamp="2020-12-03T20:29:34 IST" skipped="0">
  <testcase classname="pra_package.PRA_Home" name="title_verification" time="9.031"/>
  <system-out/>
  <testcase classname="pra_package.PRA_Home" name="login_Test" time="29.425"/>
  <system-out/>
  <testcase classname="pra_package.PRA_Home" name="By_pest_initiation" time="91.155"/>
  <system-out/>
</testsuite> <!-- pra_package.PRA_Home -->
