<?xml version="1.0" encoding="UTF-8"?>
<!-- Generated by org.testng.reporters.JUnitReportReporter -->
<testsuite hostname="DESKTOP-K8HJ363" failures="0" tests="3" name="pra_package.PRA_Home" time="203.690" errors="0" timestamp="2020-11-25T14:57:37 IST" skipped="0">
  <testcase classname="pra_package.PRA_Home" name="title_verification" time="9.032"/>
  <system-out/>
  <testcase classname="pra_package.PRA_Home" name="login_Test" time="32.037"/>
  <system-out/>
  <testcase classname="pra_package.PRA_Home" name="PRA_Home_Test" time="162.621"/>
  <system-out/>
</testsuite> <!-- pra_package.PRA_Home -->
