<?xml version="1.0" encoding="UTF-8"?>
<!-- Generated by org.testng.reporters.JUnitReportReporter -->
<testsuite skipped="0" hostname="Shubham" name="pra_package.PRA_Home" tests="4" failures="0" timestamp="2020-11-24T12:59:00 IST" time="181.148" errors="0">
  <testcase name="title_verification" time="9.126" classname="pra_package.PRA_Home"/>
  <system-out/>
  <testcase name="login_Test" time="30.425" classname="pra_package.PRA_Home"/>
  <system-out/>
  <testcase name="pathway_creation" time="100.481" classname="pra_package.PRA_Home"/>
  <system-out/>
  <testcase name="risk_assessments" time="41.116" classname="pra_package.PRA_Home"/>
  <system-out/>
</testsuite> <!-- pra_package.PRA_Home -->
