<?xml version="1.0" encoding="UTF-8"?>
<!-- Generated by org.testng.reporters.JUnitReportReporter -->
<testsuite hostname="DESKTOP-K8HJ363" failures="0" tests="3" name="pra_package.PRA_Home" time="396.254" errors="0" timestamp="2020-12-01T19:59:42 IST" skipped="0">
  <testcase classname="pra_package.PRA_Home" name="title_verification" time="9.038"/>
  <system-out/>
  <testcase classname="pra_package.PRA_Home" name="login_Test" time="30.774"/>
  <system-out/>
  <testcase classname="pra_package.PRA_Home" name="Regulated_Pest_Test" time="356.442"/>
  <system-out/>
</testsuite> <!-- pra_package.PRA_Home -->
