<?xml version="1.0" encoding="UTF-8"?>
<!-- Generated by org.testng.reporters.JUnitReportReporter -->
<testsuite hostname="DESKTOP-K8HJ363" failures="0" tests="3" name="pra_package.PRA_Home" time="401.282" errors="0" timestamp="2020-11-27T16:38:02 IST" skipped="0">
  <testcase classname="pra_package.PRA_Home" name="title_verification" time="9.034"/>
  <system-out/>
  <testcase classname="pra_package.PRA_Home" name="login_Test" time="32.870"/>
  <system-out/>
  <testcase classname="pra_package.PRA_Home" name="Previous_PRA_Test" time="359.378"/>
  <system-out/>
</testsuite> <!-- pra_package.PRA_Home -->
