<?xml version="1.0" encoding="UTF-8"?>
<!-- Generated by org.testng.reporters.JUnitReportReporter -->
<testsuite skipped="0" hostname="Shubham" name="pra_package.PRA_Home" tests="6" failures="0" timestamp="2020-12-03T17:31:31 IST" time="415.286" errors="0">
  <testcase name="title_verification" time="9.029" classname="pra_package.PRA_Home"/>
  <system-out/>
  <testcase name="login_Test" time="25.805" classname="pra_package.PRA_Home"/>
  <system-out/>
  <testcase name="pathway_creation" time="95.165" classname="pra_package.PRA_Home"/>
  <system-out/>
  <testcase name="risk_assessments" time="112.616" classname="pra_package.PRA_Home"/>
  <system-out/>
  <testcase name="actions" time="94.565" classname="pra_package.PRA_Home"/>
  <system-out/>
  <testcase name="pestrisk" time="78.106" classname="pra_package.PRA_Home"/>
  <system-out/>
</testsuite> <!-- pra_package.PRA_Home -->
