<?xml version="1.0" encoding="UTF-8"?>
<!-- Generated by org.testng.reporters.JUnitReportReporter -->
<testsuite hostname="DESKTOP-K8HJ363" failures="0" tests="2" name="pra_package.My_cabi_account" time="52.316" errors="0" timestamp="2020-11-19T11:49:07 IST" skipped="0">
  <testcase classname="pra_package.My_cabi_account" name="account_creation" time="42.306"/>
  <system-out/>
  <testcase classname="pra_package.My_cabi_account" name="login_with_created_account" time="10.010"/>
  <system-out/>
</testsuite> <!-- pra_package.My_cabi_account -->
