<?xml version="1.0" encoding="UTF-8"?>
<!-- Generated by org.testng.reporters.JUnitReportReporter -->
<testsuite hostname="DESKTOP-K8HJ363" failures="0" tests="5" name="pra_package.PRA_Home" time="459.444" errors="0" timestamp="2020-12-08T19:23:43 IST" skipped="0">
  <testcase classname="pra_package.PRA_Home" name="title_verification" time="9.030"/>
  <system-out/>
  <testcase classname="pra_package.PRA_Home" name="login_Test" time="31.638"/>
  <system-out/>
  <testcase classname="pra_package.PRA_Home" name="By_pest_initiation" time="105.926"/>
  <system-out/>
  <testcase classname="pra_package.PRA_Home" name="By_pest_cattegorization_tab" time="88.538"/>
  <system-out/>
  <testcase classname="pra_package.PRA_Home" name="By_pest_Probabity_of_entry" time="224.312"/>
  <system-out/>
</testsuite> <!-- pra_package.PRA_Home -->
