<?xml version="1.0" encoding="UTF-8"?>
<!-- Generated by org.testng.reporters.JUnitReportReporter -->
<testsuite hostname="DESKTOP-K8HJ363" failures="0" tests="2" name="pra_package.PRA_Home" time="45.391" errors="0" timestamp="2020-11-11T17:44:03 IST" skipped="0">
  <testcase classname="pra_package.PRA_Home" name="title_verification" time="15.690"/>
  <system-out/>
  <testcase classname="pra_package.PRA_Home" name="login_Test" time="29.701"/>
  <system-out/>
</testsuite> <!-- pra_package.PRA_Home -->
